<?xml version="1.0" encoding="UTF-8"?>
<!-- Generated by org.testng.reporters.JUnitReportReporter -->
<testsuite skipped="0" hostname="DESKTOP-E8VC834" name="boookAPI.SendingStaticJsonFile" tests="1" failures="0" timestamp="2021-06-06T23:13:03 IST" time="4.459" errors="0">
  <testcase name="Add_Dynamic_LibraryBook" time="4.459" classname="boookAPI.SendingStaticJsonFile"/>
  <system-out/>
</testsuite> <!-- boookAPI.SendingStaticJsonFile -->
