<?xml version="1.0" encoding="UTF-8"?>
<!-- Generated by org.testng.reporters.JUnitReportReporter -->
<testsuite skipped="0" hostname="DESKTOP-E8VC834" name="boookAPI.AddLibraryBookAPI" tests="1" failures="0" timestamp="2021-06-06T19:29:00 IST" time="2.305" errors="0">
  <testcase name="Add_Dynamic_LibraryBook" time="2.305" classname="boookAPI.AddLibraryBookAPI"/>
  <system-out/>
</testsuite> <!-- boookAPI.AddLibraryBookAPI -->
