<?xml version="1.0" encoding="UTF-8"?>
<!-- Generated by org.testng.reporters.JUnitReportReporter -->
<testsuite skipped="0" hostname="DESKTOP-E8VC834" name="specBuilder.AddPlace_ResponseSpecBuilder" tests="1" failures="0" timestamp="2021-07-01T05:52:56 IST" time="3.007" errors="0">
  <testcase name="AddGoogleMap" time="3.007" classname="specBuilder.AddPlace_ResponseSpecBuilder"/>
  <system-out/>
</testsuite> <!-- specBuilder.AddPlace_ResponseSpecBuilder -->
