<?xml version="1.0" encoding="UTF-8"?>
<!-- Generated by org.testng.reporters.JUnitReportReporter -->
<testsuite skipped="0" hostname="DESKTOP-E8VC834" name="pojo.GoogleMapTest" tests="1" failures="0" timestamp="2021-06-30T20:21:42 IST" time="3.268" errors="0">
  <testcase name="AddGoogleMap" time="3.268" classname="pojo.GoogleMapTest"/>
  <system-out/>
</testsuite> <!-- pojo.GoogleMapTest -->
