<?xml version="1.0" encoding="UTF-8"?>
<!-- Generated by org.testng.reporters.JUnitReportReporter -->
<testsuite skipped="0" hostname="DESKTOP-E8VC834" name="boookAPI.ParameterisedWithMultipleData" tests="3" failures="0" timestamp="2021-06-06T20:56:57 IST" time="2.747" errors="0">
  <testcase name="MultipleAddBook" time="2.433" classname="boookAPI.ParameterisedWithMultipleData"/>
  <system-out/>
  <testcase name="MultipleAddBook" time="0.155" classname="boookAPI.ParameterisedWithMultipleData"/>
  <system-out/>
  <testcase name="MultipleAddBook" time="0.159" classname="boookAPI.ParameterisedWithMultipleData"/>
  <system-out/>
</testsuite> <!-- boookAPI.ParameterisedWithMultipleData -->
